<?xml version="1.0" encoding="UTF-8"?>
<testng-results skipped="0" failed="0" ignored="0" total="1" passed="1">
  <reporter-output>
  </reporter-output>
  <suite name="Default suite" duration-ms="3591" started-at="2020-07-19T11:47:59Z" finished-at="2020-07-19T11:48:02Z">
    <groups>
    </groups>
    <test name="Default test" duration-ms="3591" started-at="2020-07-19T11:47:59Z" finished-at="2020-07-19T11:48:02Z">
      <class name="web.login.VerifyLoginWithValidCredentials">
        <test-method status="PASS" signature="loginWithValidCred()[pri:0, instance:web.login.VerifyLoginWithValidCredentials@18be83e4]" name="loginWithValidCred" duration-ms="3572" started-at="2020-07-19T11:47:59Z" finished-at="2020-07-19T11:48:02Z">
          <reporter-output>
          </reporter-output>
        </test-method> <!-- loginWithValidCred -->
      </class> <!-- web.login.VerifyLoginWithValidCredentials -->
    </test> <!-- Default test -->
  </suite> <!-- Default suite -->
</testng-results>
